<?xml version="1.0" encoding="UTF-8"?>
<testsuite name="demo.ApplicationTests" tests="1" skipped="0" failures="0" errors="0" timestamp="2020-12-14T12:55:47" hostname="OMRI-LAPTOP" time="0.281">
  <properties/>
  <testcase name="contextLoads()" classname="demo.ApplicationTests" time="0.281"/>
  <system-out><![CDATA[14:55:44.933 [Test worker] DEBUG org.springframework.test.context.BootstrapUtils - Instantiating CacheAwareContextLoaderDelegate from class [org.springframework.test.context.cache.DefaultCacheAwareContextLoaderDelegate]
14:55:44.946 [Test worker] DEBUG org.springframework.test.context.BootstrapUtils - Instantiating BootstrapContext using constructor [public org.springframework.test.context.support.DefaultBootstrapContext(java.lang.Class,org.springframework.test.context.CacheAwareContextLoaderDelegate)]
14:55:44.973 [Test worker] DEBUG org.springframework.test.context.BootstrapUtils - Instantiating TestContextBootstrapper for test class [demo.ApplicationTests] from class [org.springframework.boot.test.context.SpringBootTestContextBootstrapper]
14:55:44.982 [Test worker] INFO org.springframework.boot.test.context.SpringBootTestContextBootstrapper - Neither @ContextConfiguration nor @ContextHierarchy found for test class [demo.ApplicationTests], using SpringBootContextLoader
14:55:44.985 [Test worker] DEBUG org.springframework.test.context.support.AbstractContextLoader - Did not detect default resource location for test class [demo.ApplicationTests]: class path resource [demo/ApplicationTests-context.xml] does not exist
14:55:44.986 [Test worker] DEBUG org.springframework.test.context.support.AbstractContextLoader - Did not detect default resource location for test class [demo.ApplicationTests]: class path resource [demo/ApplicationTestsContext.groovy] does not exist
14:55:44.986 [Test worker] INFO org.springframework.test.context.support.AbstractContextLoader - Could not detect default resource locations for test class [demo.ApplicationTests]: no resource found for suffixes {-context.xml, Context.groovy}.
14:55:44.987 [Test worker] INFO org.springframework.test.context.support.AnnotationConfigContextLoaderUtils - Could not detect default configuration classes for test class [demo.ApplicationTests]: ApplicationTests does not declare any static, non-private, non-final, nested classes annotated with @Configuration.
14:55:45.029 [Test worker] DEBUG org.springframework.test.context.support.ActiveProfilesUtils - Could not find an 'annotation declaring class' for annotation type [org.springframework.test.context.ActiveProfiles] and class [demo.ApplicationTests]
14:55:45.078 [Test worker] DEBUG org.springframework.context.annotation.ClassPathScanningCandidateComponentProvider - Identified candidate component class: file [C:\Users\omris_t0fyvg2\OneDrive\Desktop\messages.service.over.neo4j\build\classes\java\main\demo\Application.class]
14:55:45.089 [Test worker] INFO org.springframework.boot.test.context.SpringBootTestContextBootstrapper - Found @SpringBootConfiguration demo.Application for test class demo.ApplicationTests
14:55:45.169 [Test worker] DEBUG org.springframework.boot.test.context.SpringBootTestContextBootstrapper - @TestExecutionListeners is not present for class [demo.ApplicationTests]: using defaults.
14:55:45.169 [Test worker] INFO org.springframework.boot.test.context.SpringBootTestContextBootstrapper - Loaded default TestExecutionListener class names from location [META-INF/spring.factories]: [org.springframework.boot.test.autoconfigure.restdocs.RestDocsTestExecutionListener, org.springframework.boot.test.autoconfigure.web.client.MockRestServiceServerResetTestExecutionListener, org.springframework.boot.test.autoconfigure.web.servlet.MockMvcPrintOnlyOnFailureTestExecutionListener, org.springframework.boot.test.autoconfigure.web.servlet.WebDriverTestExecutionListener, org.springframework.boot.test.autoconfigure.webservices.client.MockWebServiceServerTestExecutionListener, org.springframework.boot.test.mock.mockito.MockitoTestExecutionListener, org.springframework.boot.test.mock.mockito.ResetMocksTestExecutionListener, org.springframework.test.context.web.ServletTestExecutionListener, org.springframework.test.context.support.DirtiesContextBeforeModesTestExecutionListener, org.springframework.test.context.support.DependencyInjectionTestExecutionListener, org.springframework.test.context.support.DirtiesContextTestExecutionListener, org.springframework.test.context.transaction.TransactionalTestExecutionListener, org.springframework.test.context.jdbc.SqlScriptsTestExecutionListener, org.springframework.test.context.event.EventPublishingTestExecutionListener]
14:55:45.183 [Test worker] INFO org.springframework.boot.test.context.SpringBootTestContextBootstrapper - Using TestExecutionListeners: [org.springframework.test.context.web.ServletTestExecutionListener@4a8ce3ed, org.springframework.test.context.support.DirtiesContextBeforeModesTestExecutionListener@eb2bf, org.springframework.boot.test.mock.mockito.MockitoTestExecutionListener@4925edb8, org.springframework.boot.test.autoconfigure.SpringBootDependencyInjectionTestExecutionListener@6f24b14a, org.springframework.test.context.support.DirtiesContextTestExecutionListener@429ab4c8, org.springframework.test.context.transaction.TransactionalTestExecutionListener@37f47d6e, org.springframework.test.context.jdbc.SqlScriptsTestExecutionListener@515a1e05, org.springframework.test.context.event.EventPublishingTestExecutionListener@1b3e4b85, org.springframework.boot.test.autoconfigure.restdocs.RestDocsTestExecutionListener@c1580de, org.springframework.boot.test.autoconfigure.web.client.MockRestServiceServerResetTestExecutionListener@189e933f, org.springframework.boot.test.autoconfigure.web.servlet.MockMvcPrintOnlyOnFailureTestExecutionListener@19351c1f, org.springframework.boot.test.autoconfigure.web.servlet.WebDriverTestExecutionListener@70be0edf, org.springframework.boot.test.autoconfigure.webservices.client.MockWebServiceServerTestExecutionListener@500d6366, org.springframework.boot.test.mock.mockito.ResetMocksTestExecutionListener@3c661533]
14:55:45.186 [Test worker] DEBUG org.springframework.test.context.support.AbstractDirtiesContextTestExecutionListener - Before test class: context [DefaultTestContext@6e4fba7c testClass = ApplicationTests, testInstance = [null], testMethod = [null], testException = [null], mergedContextConfiguration = [WebMergedContextConfiguration@2c6cbd5d testClass = ApplicationTests, locations = '{}', classes = '{class demo.Application}', contextInitializerClasses = '[]', activeProfiles = '{}', propertySourceLocations = '{}', propertySourceProperties = '{org.springframework.boot.test.context.SpringBootTestContextBootstrapper=true}', contextCustomizers = set[org.springframework.boot.test.autoconfigure.actuate.metrics.MetricsExportContextCustomizerFactory$DisableMetricExportContextCustomizer@66338efe, org.springframework.boot.test.autoconfigure.properties.PropertyMappingContextCustomizer@0, org.springframework.boot.test.autoconfigure.web.servlet.WebDriverContextCustomizerFactory$Customizer@335ae4e, org.springframework.boot.test.context.filter.ExcludeFilterContextCustomizer@77506ede, org.springframework.boot.test.json.DuplicateJsonObjectContextCustomizerFactory$DuplicateJsonObjectContextCustomizer@13d2a526, org.springframework.boot.test.mock.mockito.MockitoContextCustomizer@0, org.springframework.boot.test.web.client.TestRestTemplateContextCustomizer@40e14d3f, org.springframework.boot.test.web.reactive.server.WebTestClientContextCustomizer@115311ac, org.springframework.boot.test.context.SpringBootTestArgs@1, org.springframework.boot.test.context.SpringBootTestWebEnvironment@71d37e0a], resourceBasePath = 'src/main/webapp', contextLoader = 'org.springframework.boot.test.context.SpringBootContextLoader', parent = [null]], attributes = map['org.springframework.test.context.web.ServletTestExecutionListener.activateListener' -> true]], class annotated with @DirtiesContext [false] with mode [null].
14:55:45.224 [Test worker] DEBUG org.springframework.test.context.support.TestPropertySourceUtils - Adding inlined properties to environment: {spring.jmx.enabled=false, org.springframework.boot.test.context.SpringBootTestContextBootstrapper=true}

  .   ____          _            __ _ _
 /\\ / ___'_ __ _ _(_)_ __  __ _ \ \ \ \
( ( )\___ | '_ | '_| | '_ \/ _` | \ \ \ \
 \\/  ___)| |_)| | | | | || (_| |  ) ) ) )
  '  |____| .__|_| |_|_| |_\__, | / / / /
 =========|_|==============|___/=/_/_/_/
 :: Spring Boot ::                (v2.4.0)

2020-12-14 14:55:45.445  INFO 23232 --- [    Test worker] demo.ApplicationTests                    : Starting ApplicationTests using Java 11.0.8 on Omri-Laptop with PID 23232 (started by Omri in C:\Users\omris_t0fyvg2\OneDrive\Desktop\messages.service.over.neo4j)
2020-12-14 14:55:45.447  INFO 23232 --- [    Test worker] demo.ApplicationTests                    : No active profile set, falling back to default profiles: default
2020-12-14 14:55:45.933  INFO 23232 --- [    Test worker] .s.d.r.c.RepositoryConfigurationDelegate : Bootstrapping Spring Data MongoDB repositories in DEFAULT mode.
2020-12-14 14:55:45.970  INFO 23232 --- [    Test worker] .s.d.r.c.RepositoryConfigurationDelegate : Finished Spring Data repository scanning in 34 ms. Found 2 MongoDB repository interfaces.
2020-12-14 14:55:46.287  INFO 23232 --- [    Test worker] org.mongodb.driver.cluster               : Cluster created with settings {hosts=[localhost:27017], mode=SINGLE, requiredClusterType=UNKNOWN, serverSelectionTimeout='30000 ms'}
2020-12-14 14:55:46.342  INFO 23232 --- [localhost:27017] org.mongodb.driver.connection            : Opened connection [connectionId{localValue:1, serverValue:10}] to localhost:27017
2020-12-14 14:55:46.342  INFO 23232 --- [localhost:27017] org.mongodb.driver.connection            : Opened connection [connectionId{localValue:2, serverValue:11}] to localhost:27017
2020-12-14 14:55:46.343  INFO 23232 --- [localhost:27017] org.mongodb.driver.cluster               : Monitor thread successfully connected to server with description ServerDescription{address=localhost:27017, type=STANDALONE, state=CONNECTED, ok=true, minWireVersion=0, maxWireVersion=9, maxDocumentSize=16777216, logicalSessionTimeoutMinutes=30, roundTripTimeNanos=18917000}
2020-12-14 14:55:46.962  INFO 23232 --- [    Test worker] o.s.s.concurrent.ThreadPoolTaskExecutor  : Initializing ExecutorService 'applicationTaskExecutor'
2020-12-14 14:55:47.047 TRACE 23232 --- [    Test worker] s.w.s.m.m.a.RequestMappingHandlerMapping : 
	d.MessageBoundaryController:
	{POST [/messages/authors], consumes [application/json], produces [application/json]}: create(AuthorBoundary)
	{POST [/messages], consumes [application/json], produces [application/json]}: create(MessageBoundary)
	{PUT [/messages/{id}/{email}]}: bind(String,String)
	{GET [/messages], produces [application/json]}: getAll(int,int)
	{GET [/messages/byAuthor/{email}], produces [application/json]}: getMessagesByAuthor(String)
2020-12-14 14:55:47.050 TRACE 23232 --- [    Test worker] s.w.s.m.m.a.RequestMappingHandlerMapping : 
	o.s.b.a.w.s.e.BasicErrorController:
	{ [/error]}: error(HttpServletRequest)
	{ [/error], produces [text/html]}: errorHtml(HttpServletRequest,HttpServletResponse)
2020-12-14 14:55:47.095 TRACE 23232 --- [    Test worker] s.w.s.m.m.a.RequestMappingHandlerMapping : 
	o.s.w.a.OpenApiResource:
	{GET [/v3/api-docs.yaml], produces [application/vnd.oai.openapi]}: openapiYaml(HttpServletRequest,String)
	{GET [/v3/api-docs], produces [application/json]}: openapiJson(HttpServletRequest,String)
2020-12-14 14:55:47.098 TRACE 23232 --- [    Test worker] s.w.s.m.m.a.RequestMappingHandlerMapping : 
	o.s.w.u.SwaggerWelcome:
	{GET [/v3/api-docs/swagger-config], produces [application/json]}: openapiJson(HttpServletRequest)
	{GET [/swagger-ui.html]}: redirectToUi(HttpServletRequest)
2020-12-14 14:55:47.099 DEBUG 23232 --- [    Test worker] s.w.s.m.m.a.RequestMappingHandlerMapping : 11 mappings in 'requestMappingHandlerMapping'
2020-12-14 14:55:47.681  INFO 23232 --- [    Test worker] demo.ApplicationTests                    : Started ApplicationTests in 2.451 seconds (JVM running for 3.561)
]]></system-out>
  <system-err><![CDATA[]]></system-err>
</testsuite>
